<?xml version="1.0" encoding="UTF-8"?>
<!-- Generated by org.testng.reporters.JUnitReportReporter -->
<testsuite hostname="LAPTOP-4MAD2M2P" failures="0" tests="1" name="OpenCartTest.LoginTest" time="15.731" errors="0" timestamp="2021-08-10T16:08:19 IST" skipped="0">
  <testcase classname="OpenCartTest.LoginTest" name="LoginTest" time="15.731"/>
  <system-out/>
</testsuite> <!-- OpenCartTest.LoginTest -->
