<?xml version="1.0" encoding="UTF-8"?>
<!-- Generated by org.testng.reporters.JUnitReportReporter -->
<testsuite hostname="LAPTOP-4MAD2M2P" failures="0" tests="2" name="OpenCartTest.TC02_DesktopTest" time="11.290" errors="0" timestamp="2021-08-29T13:36:47 IST" skipped="0">
  <testcase classname="OpenCartTest.TC02_DesktopTest" name="DesktopTest" time="5.752"/>
  <system-out/>
  <testcase classname="OpenCartTest.TC02_DesktopTest" name="MacTest" time="5.538"/>
  <system-out/>
</testsuite> <!-- OpenCartTest.TC02_DesktopTest -->
