<?xml version="1.0" encoding="UTF-8"?>
<!-- Generated by org.testng.reporters.JUnitReportReporter -->
<testsuite hostname="LAPTOP-4MAD2M2P" failures="0" tests="2" name="OpenCartTest.TC03_WishListTest" time="14.539" errors="0" timestamp="2021-08-29T13:36:48 IST" skipped="0">
  <testcase classname="OpenCartTest.TC03_WishListTest" name="WishListTest" time="9.399"/>
  <system-out/>
  <testcase classname="OpenCartTest.TC03_WishListTest" name="AddProductToWish" time="5.140"/>
  <system-out/>
</testsuite> <!-- OpenCartTest.TC03_WishListTest -->
