<?xml version="1.0" encoding="UTF-8"?>
<!-- Generated by org.testng.reporters.JUnitReportReporter -->
<testsuite hostname="LAPTOP-4MAD2M2P" failures="0" tests="2" name="OpenCartTest.TC01_LoginTest" time="11.747" errors="0" timestamp="2021-08-29T13:36:47 IST" skipped="0">
  <testcase classname="OpenCartTest.TC01_LoginTest" name="LoginTest" time="8.446"/>
  <system-out/>
  <testcase classname="OpenCartTest.TC01_LoginTest" name="LogoutTest" time="3.301"/>
  <system-out/>
</testsuite> <!-- OpenCartTest.TC01_LoginTest -->
